1564739357390	geckodriver	INFO	geckodriver 0.20.1
1564739357400	geckodriver	INFO	Listening on 127.0.0.1:9882
1564739360399	mozrunner::runner	INFO	Running command: "D:\\Firefox\\firefox.exe" "-marionette" "-profile" "C:\\Users\\Rachel\\AppData\\Local\\Temp\\rust_mozprofile.TN8FLRw9fhKC"
[GFX1]: Potential driver version mismatch ignored due to missing DLLs igd10umd64 v= and igd10iumd64.dll v=0.0.0.0
1564739365370	Marionette	INFO	Listening on port 9891
1564739365718	Marionette	WARN	TLS certificate errors will be ignored for this session
1564739371269	Marionette	INFO	New connections will no longer be accepted
JavaScript error: resource://gre/components/nsUrlClassifierListManager.js, line 287: NS_ERROR_NOT_INITIALIZED: Component returned failure code: 0xc1f30001 (NS_ERROR_NOT_INITIALIZED) [nsIUrlClassifierDBService.getTables]
JavaScript error: resource://gre/components/nsUrlClassifierListManager.js, line 287: NS_ERROR_NOT_INITIALIZED: Component returned failure code: 0xc1f30001 (NS_ERROR_NOT_INITIALIZED) [nsIUrlClassifierDBService.getTables]
1564739372063	Marionette	INFO	Ceased listening

e.jsm -> resource://gre/modules/Promise-backend.js:742:11
observe@resource://gre/modules/AsyncShutdown.jsm:550:9
addBlocker/moduleBlocker/<@resource://gre/components/nsAsyncShutdown.js:157:15
Promise@resource://gre/modules/Promise.jsm -> resource://gre/modules/Promise-backend.js:390:5
moduleBlocker@resource://gre/components/nsAsyncShutdown.js:153:29
trigger@resource://gre/modules/AsyncShutdown.jsm:719:23
_wait@resource://gre/modules/AsyncShutdown.jsm:866:7
wait@resource://gre/modules/AsyncShutdown.jsm:850:28
observe@resource://gre/modules/AsyncShutdown.jsm:533:17

1564311143111	Marionette	INFO	Ceased listening
